  core.cpp
  CPG.cpp
  matsuNode.cpp
  MatsuokaEngine.cpp
  QuantisedEventQueue.cpp
  QuantiseGrid_hard.cpp
  QuantiseGrid_soft.cpp
  ScalingCurve.cpp
  XORRand.cpp
QuantiseGrid_hard.cpp(7): warning C4244: '=': conversion from 'float' to 'unsigned int', possible loss of data
QuantiseGrid_hard.cpp(10): warning C4244: '=': conversion from 'float' to 'uint64_t', possible loss of data
QuantiseGrid_hard.cpp(51): warning C4244: '=': conversion from 'float' to 'uint64_t', possible loss of data
QuantiseGrid_hard.cpp(71): warning C4244: '=': conversion from 'float' to 'unsigned int', possible loss of data
QuantiseGrid_soft.cpp(40): warning C4244: '=': conversion from 'float' to 'unsigned int', possible loss of data
QuantiseGrid_soft.cpp(43): warning C4244: '=': conversion from 'float' to 'uint64_t', possible loss of data
QuantiseGrid_soft.cpp(60): warning C4244: 'argument': conversion from 'double' to 'float', possible loss of data
QuantiseGrid_soft.cpp(72): warning C4244: 'argument': conversion from 'double' to 'float', possible loss of data
QuantiseGrid_soft.cpp(79): warning C4244: 'argument': conversion from 'double' to 'float', possible loss of data
QuantiseGrid_soft.cpp(84): warning C4244: 'argument': conversion from 'double' to 'float', possible loss of data
QuantiseGrid_soft.cpp(92): warning C4244: '=': conversion from 'float' to 'uint64_t', possible loss of data
QuantiseGrid_soft.cpp(93): warning C4244: 'argument': conversion from 'double' to 'float', possible loss of data
QuantiseGrid_soft.cpp(105): warning C4244: '=': conversion from 'float' to 'uint64_t', possible loss of data
QuantiseGrid_soft.cpp(112): warning C4244: 'argument': conversion from 'double' to 'float', possible loss of data
QuantiseGrid_soft.cpp(127): warning C4244: '=': conversion from 'float' to 'unsigned int', possible loss of data
QuantiseGrid_soft.cpp(133): warning C4244: 'initializing': conversion from 'double' to 'float', possible loss of data
QuantiseGrid_soft.cpp(134): warning C4244: '=': conversion from 'double' to 'int', possible loss of data
QuantiseGrid_soft.cpp(179): warning C4244: 'initializing': conversion from 'double' to 'float', possible loss of data
QuantiseGrid_soft.cpp(197): warning C4244: 'initializing': conversion from 'uint64_t' to 'int', possible loss of data
QuantiseGrid_soft.cpp(198): warning C4244: 'initializing': conversion from 'double' to 'float', possible loss of data
QuantiseGrid_soft.cpp(199): warning C4244: 'initializing': conversion from 'double' to 'uint64_t', possible loss of data
QuantiseGrid_soft.cpp(204): warning C4244: '+=': conversion from 'double' to 'uint64_t', possible loss of data
QuantiseGrid_soft.cpp(206): warning C4244: 'initializing': conversion from 'double' to 'float', possible loss of data
QuantiseGrid_soft.cpp(208): warning C4244: '-=': conversion from 'double' to 'uint64_t', possible loss of data
QuantiseGrid_soft.cpp(211): warning C4244: 'argument': conversion from 'uint64_t' to 'float', possible loss of data
QuantisedEventQueue.cpp(79): warning C4244: '=': conversion from 'unsigned int' to 'float', possible loss of data
QuantisedEventQueue.cpp(228): warning C4244: 'return': conversion from 'float' to 'unsigned int', possible loss of data
QuantisedEventQueue.cpp(244): warning C4244: '=': conversion from 'float' to 'unsigned int', possible loss of data
ScalingCurve.cpp(92): warning C4267: 'initializing': conversion from 'size_t' to 'int', possible loss of data
CPG.cpp(106): warning C4244: 'argument': conversion from 'double' to 'unsigned int', possible loss of data
CPG.cpp(108): warning C4244: 'argument': conversion from 'double' to 'unsigned int', possible loss of data
CPG.cpp(307): warning C4244: 'argument': conversion from 'double' to 'unsigned int', possible loss of data
CPG.cpp(350): warning C4244: 'argument': conversion from 'double' to 'unsigned int', possible loss of data
CPG.cpp(350): warning C4244: 'initializing': conversion from 'double' to 'float', possible loss of data
CPG.cpp(355): warning C4244: 'argument': conversion from 'double' to 'unsigned int', possible loss of data
CPG.cpp(362): warning C4244: 'argument': conversion from 'double' to 'unsigned int', possible loss of data
CPG.cpp(379): warning C4244: 'argument': conversion from 'double' to 'unsigned int', possible loss of data
CPG.cpp(382): warning C4244: 'argument': conversion from 'double' to 'unsigned int', possible loss of data
CPG.cpp(382): warning C4244: 'initializing': conversion from 'double' to 'float', possible loss of data
CPG.cpp(383): warning C4244: 'argument': conversion from 'double' to 'unsigned int', possible loss of data
CPG.cpp(396): warning C4244: 'argument': conversion from 'double' to 'unsigned int', possible loss of data
CPG.cpp(398): warning C4244: 'argument': conversion from 'double' to 'unsigned int', possible loss of data
CPG.cpp(574): warning C4244: 'argument': conversion from 'double' to 'unsigned int', possible loss of data
CPG.cpp(575): warning C4244: 'argument': conversion from 'double' to 'unsigned int', possible loss of data
CPG.cpp(575): warning C4244: 'initializing': conversion from 'double' to 'float', possible loss of data
CPG.cpp(576): warning C4244: 'initializing': conversion from 'double' to 'float', possible loss of data
CPG.cpp(577): warning C4244: 'argument': conversion from 'double' to 'float', possible loss of data
CPG.cpp(582): warning C4244: 'argument': conversion from 'double' to 'float', possible loss of data
CPG.cpp(595): warning C4244: 'argument': conversion from 'double' to 'unsigned int', possible loss of data
CPG.cpp(595): warning C4244: 'initializing': conversion from 'double' to 'float', possible loss of data
CPG.cpp(602): warning C4244: 'argument': conversion from 'double' to 'unsigned int', possible loss of data
CPG.cpp(606): warning C4244: 'argument': conversion from 'double' to 'unsigned int', possible loss of data
CPG.cpp(620): warning C4244: 'argument': conversion from 'double' to 'unsigned int', possible loss of data
CPG.cpp(638): warning C4244: 'argument': conversion from 'double' to 'unsigned int', possible loss of data
CPG.cpp(642): warning C4244: 'argument': conversion from 'double' to 'unsigned int', possible loss of data
CPG.cpp(645): warning C4244: 'initializing': conversion from 'double' to 'unsigned int', possible loss of data
CPG.cpp(657): warning C4244: 'argument': conversion from 'double' to 'unsigned int', possible loss of data
CPG.cpp(672): warning C4244: 'argument': conversion from 'double' to 'unsigned int', possible loss of data
CPG.cpp(672): warning C4244: 'initializing': conversion from 'double' to 'float', possible loss of data
CPG.cpp(674): warning C4244: 'initializing': conversion from 'double' to 'float', possible loss of data
CPG.cpp(681): warning C4244: 'argument': conversion from 'double' to 'unsigned int', possible loss of data
CPG.cpp(681): warning C4244: 'initializing': conversion from 'double' to 'float', possible loss of data
CPG.cpp(683): warning C4244: 'initializing': conversion from 'double' to 'float', possible loss of data
MatsuokaEngine.cpp(33): warning C4244: 'argument': conversion from 'double' to 'float', possible loss of data
MatsuokaEngine.cpp(53): warning C4244: 'argument': conversion from 'double' to 'float', possible loss of data
MatsuokaEngine.cpp(561): warning C4244: 'argument': conversion from 'float' to 'unsigned int', possible loss of data
MatsuokaEngine.cpp(567): warning C4244: 'argument': conversion from 'float' to 'unsigned int', possible loss of data
MatsuokaEngine.cpp(582): warning C4244: 'return': conversion from 'unsigned int' to 'float', possible loss of data
MatsuokaEngine.cpp(588): warning C4244: 'return': conversion from 'unsigned int' to 'float', possible loss of data
MatsuokaEngine.cpp(697): warning C4244: 'argument': conversion from 'double' to 'float', possible loss of data
MatsuokaEngine.cpp(770): warning C4244: 'argument': conversion from 'double' to 'float', possible loss of data
  matsu_signal_calcs.c
  MatsuokaEngine_src.vcxproj -> C:\Users\dan\Documents\Max 7\Packages\cpg\build\x64\Release\MatsuokaEngine_src.lib
