  XORRand.cpp
  ScalingCurve.cpp
c:\users\dan\documents\max 7\packages\cpg\source\matsuokaengine_src\scalingcurve.cpp(92): warning C4267: 'initializing': conversion from 'size_t' to 'int', possible loss of data
  QuantiseGrid_soft.cpp
c:\users\dan\documents\max 7\packages\cpg\source\matsuokaengine_src\quantisegrid_soft.cpp(40): warning C4244: '=': conversion from 'float' to 'unsigned int', possible loss of data
c:\users\dan\documents\max 7\packages\cpg\source\matsuokaengine_src\quantisegrid_soft.cpp(43): warning C4244: '=': conversion from 'float' to 'uint64_t', possible loss of data
c:\users\dan\documents\max 7\packages\cpg\source\matsuokaengine_src\quantisegrid_soft.cpp(60): warning C4244: 'argument': conversion from 'double' to 'float', possible loss of data
c:\users\dan\documents\max 7\packages\cpg\source\matsuokaengine_src\quantisegrid_soft.cpp(72): warning C4244: 'argument': conversion from 'double' to 'float', possible loss of data
c:\users\dan\documents\max 7\packages\cpg\source\matsuokaengine_src\quantisegrid_soft.cpp(79): warning C4244: 'argument': conversion from 'double' to 'float', possible loss of data
c:\users\dan\documents\max 7\packages\cpg\source\matsuokaengine_src\quantisegrid_soft.cpp(84): warning C4244: 'argument': conversion from 'double' to 'float', possible loss of data
c:\users\dan\documents\max 7\packages\cpg\source\matsuokaengine_src\quantisegrid_soft.cpp(92): warning C4244: '=': conversion from 'float' to 'uint64_t', possible loss of data
c:\users\dan\documents\max 7\packages\cpg\source\matsuokaengine_src\quantisegrid_soft.cpp(93): warning C4244: 'argument': conversion from 'double' to 'float', possible loss of data
c:\users\dan\documents\max 7\packages\cpg\source\matsuokaengine_src\quantisegrid_soft.cpp(105): warning C4244: '=': conversion from 'float' to 'uint64_t', possible loss of data
c:\users\dan\documents\max 7\packages\cpg\source\matsuokaengine_src\quantisegrid_soft.cpp(112): warning C4244: 'argument': conversion from 'double' to 'float', possible loss of data
c:\users\dan\documents\max 7\packages\cpg\source\matsuokaengine_src\quantisegrid_soft.cpp(127): warning C4244: '=': conversion from 'float' to 'unsigned int', possible loss of data
c:\users\dan\documents\max 7\packages\cpg\source\matsuokaengine_src\quantisegrid_soft.cpp(133): warning C4244: 'initializing': conversion from 'double' to 'float', possible loss of data
c:\users\dan\documents\max 7\packages\cpg\source\matsuokaengine_src\quantisegrid_soft.cpp(134): warning C4244: '=': conversion from 'double' to 'int', possible loss of data
c:\users\dan\documents\max 7\packages\cpg\source\matsuokaengine_src\quantisegrid_soft.cpp(179): warning C4244: 'initializing': conversion from 'double' to 'float', possible loss of data
c:\users\dan\documents\max 7\packages\cpg\source\matsuokaengine_src\quantisegrid_soft.cpp(197): warning C4244: 'initializing': conversion from 'uint64_t' to 'int', possible loss of data
c:\users\dan\documents\max 7\packages\cpg\source\matsuokaengine_src\quantisegrid_soft.cpp(198): warning C4244: 'initializing': conversion from 'double' to 'float', possible loss of data
c:\users\dan\documents\max 7\packages\cpg\source\matsuokaengine_src\quantisegrid_soft.cpp(199): warning C4244: 'initializing': conversion from 'double' to 'uint64_t', possible loss of data
c:\users\dan\documents\max 7\packages\cpg\source\matsuokaengine_src\quantisegrid_soft.cpp(204): warning C4244: '+=': conversion from 'double' to 'uint64_t', possible loss of data
c:\users\dan\documents\max 7\packages\cpg\source\matsuokaengine_src\quantisegrid_soft.cpp(206): warning C4244: 'initializing': conversion from 'double' to 'float', possible loss of data
c:\users\dan\documents\max 7\packages\cpg\source\matsuokaengine_src\quantisegrid_soft.cpp(208): warning C4244: '-=': conversion from 'double' to 'uint64_t', possible loss of data
c:\users\dan\documents\max 7\packages\cpg\source\matsuokaengine_src\quantisegrid_soft.cpp(211): warning C4244: 'argument': conversion from 'uint64_t' to 'float', possible loss of data
  QuantiseGrid_hard.cpp
c:\users\dan\documents\max 7\packages\cpg\source\matsuokaengine_src\quantisegrid_hard.cpp(7): warning C4244: '=': conversion from 'float' to 'unsigned int', possible loss of data
c:\users\dan\documents\max 7\packages\cpg\source\matsuokaengine_src\quantisegrid_hard.cpp(10): warning C4244: '=': conversion from 'float' to 'uint64_t', possible loss of data
c:\users\dan\documents\max 7\packages\cpg\source\matsuokaengine_src\quantisegrid_hard.cpp(51): warning C4244: '=': conversion from 'float' to 'uint64_t', possible loss of data
c:\users\dan\documents\max 7\packages\cpg\source\matsuokaengine_src\quantisegrid_hard.cpp(71): warning C4244: '=': conversion from 'float' to 'unsigned int', possible loss of data
  QuantisedEventQueue.cpp
c:\users\dan\documents\max 7\packages\cpg\source\matsuokaengine_src\quantisedeventqueue.cpp(79): warning C4244: '=': conversion from 'unsigned int' to 'float', possible loss of data
c:\users\dan\documents\max 7\packages\cpg\source\matsuokaengine_src\quantisedeventqueue.cpp(228): warning C4244: 'return': conversion from 'float' to 'unsigned int', possible loss of data
c:\users\dan\documents\max 7\packages\cpg\source\matsuokaengine_src\quantisedeventqueue.cpp(244): warning C4244: '=': conversion from 'float' to 'unsigned int', possible loss of data
  MatsuokaEngine.cpp
c:\users\dan\documents\max 7\packages\cpg\source\matsuokaengine_src\matsuokaengine.cpp(33): warning C4244: 'argument': conversion from 'double' to 'float', possible loss of data
c:\users\dan\documents\max 7\packages\cpg\source\matsuokaengine_src\matsuokaengine.cpp(53): warning C4244: 'argument': conversion from 'double' to 'float', possible loss of data
c:\users\dan\documents\max 7\packages\cpg\source\matsuokaengine_src\matsuokaengine.cpp(561): warning C4244: 'argument': conversion from 'float' to 'unsigned int', possible loss of data
c:\users\dan\documents\max 7\packages\cpg\source\matsuokaengine_src\matsuokaengine.cpp(567): warning C4244: 'argument': conversion from 'float' to 'unsigned int', possible loss of data
c:\users\dan\documents\max 7\packages\cpg\source\matsuokaengine_src\matsuokaengine.cpp(582): warning C4244: 'return': conversion from 'unsigned int' to 'float', possible loss of data
c:\users\dan\documents\max 7\packages\cpg\source\matsuokaengine_src\matsuokaengine.cpp(588): warning C4244: 'return': conversion from 'unsigned int' to 'float', possible loss of data
c:\users\dan\documents\max 7\packages\cpg\source\matsuokaengine_src\matsuokaengine.cpp(697): warning C4244: 'argument': conversion from 'double' to 'float', possible loss of data
c:\users\dan\documents\max 7\packages\cpg\source\matsuokaengine_src\matsuokaengine.cpp(770): warning C4244: 'argument': conversion from 'double' to 'float', possible loss of data
  matsuNode.cpp
c:\users\dan\documents\max 7\packages\cpg\source\matsuokaengine_src\matsunode.cpp(99): warning C4267: '=': conversion from 'size_t' to 'unsigned int', possible loss of data
c:\users\dan\documents\max 7\packages\cpg\source\matsuokaengine_src\matsunode.cpp(366): warning C4267: 'return': conversion from 'size_t' to 'unsigned int', possible loss of data
c:\users\dan\documents\max 7\packages\cpg\source\matsuokaengine_src\matsunode.cpp(619): warning C4267: '=': conversion from 'size_t' to 'unsigned int', possible loss of data
  CPG.cpp
c:\users\dan\documents\max 7\packages\cpg\source\matsuokaengine_src\cpg.cpp(106): warning C4244: 'argument': conversion from 'double' to 'unsigned int', possible loss of data
c:\users\dan\documents\max 7\packages\cpg\source\matsuokaengine_src\cpg.cpp(108): warning C4244: 'argument': conversion from 'double' to 'unsigned int', possible loss of data
c:\users\dan\documents\max 7\packages\cpg\source\matsuokaengine_src\cpg.cpp(307): warning C4244: 'argument': conversion from 'double' to 'unsigned int', possible loss of data
c:\users\dan\documents\max 7\packages\cpg\source\matsuokaengine_src\cpg.cpp(350): warning C4244: 'argument': conversion from 'double' to 'unsigned int', possible loss of data
c:\users\dan\documents\max 7\packages\cpg\source\matsuokaengine_src\cpg.cpp(350): warning C4244: 'initializing': conversion from 'double' to 'float', possible loss of data
c:\users\dan\documents\max 7\packages\cpg\source\matsuokaengine_src\cpg.cpp(355): warning C4244: 'argument': conversion from 'double' to 'unsigned int', possible loss of data
c:\users\dan\documents\max 7\packages\cpg\source\matsuokaengine_src\cpg.cpp(362): warning C4244: 'argument': conversion from 'double' to 'unsigned int', possible loss of data
c:\users\dan\documents\max 7\packages\cpg\source\matsuokaengine_src\cpg.cpp(379): warning C4244: 'argument': conversion from 'double' to 'unsigned int', possible loss of data
c:\users\dan\documents\max 7\packages\cpg\source\matsuokaengine_src\cpg.cpp(382): warning C4244: 'argument': conversion from 'double' to 'unsigned int', possible loss of data
c:\users\dan\documents\max 7\packages\cpg\source\matsuokaengine_src\cpg.cpp(382): warning C4244: 'initializing': conversion from 'double' to 'float', possible loss of data
c:\users\dan\documents\max 7\packages\cpg\source\matsuokaengine_src\cpg.cpp(383): warning C4244: 'argument': conversion from 'double' to 'unsigned int', possible loss of data
c:\users\dan\documents\max 7\packages\cpg\source\matsuokaengine_src\cpg.cpp(396): warning C4244: 'argument': conversion from 'double' to 'unsigned int', possible loss of data
c:\users\dan\documents\max 7\packages\cpg\source\matsuokaengine_src\cpg.cpp(398): warning C4244: 'argument': conversion from 'double' to 'unsigned int', possible loss of data
c:\users\dan\documents\max 7\packages\cpg\source\matsuokaengine_src\cpg.cpp(579): warning C4244: 'argument': conversion from 'double' to 'unsigned int', possible loss of data
c:\users\dan\documents\max 7\packages\cpg\source\matsuokaengine_src\cpg.cpp(580): warning C4244: 'argument': conversion from 'double' to 'unsigned int', possible loss of data
c:\users\dan\documents\max 7\packages\cpg\source\matsuokaengine_src\cpg.cpp(580): warning C4244: 'initializing': conversion from 'double' to 'float', possible loss of data
c:\users\dan\documents\max 7\packages\cpg\source\matsuokaengine_src\cpg.cpp(581): warning C4244: 'initializing': conversion from 'double' to 'float', possible loss of data
c:\users\dan\documents\max 7\packages\cpg\source\matsuokaengine_src\cpg.cpp(582): warning C4244: 'argument': conversion from 'double' to 'float', possible loss of data
c:\users\dan\documents\max 7\packages\cpg\source\matsuokaengine_src\cpg.cpp(587): warning C4244: 'argument': conversion from 'double' to 'float', possible loss of data
c:\users\dan\documents\max 7\packages\cpg\source\matsuokaengine_src\cpg.cpp(600): warning C4244: 'argument': conversion from 'double' to 'unsigned int', possible loss of data
c:\users\dan\documents\max 7\packages\cpg\source\matsuokaengine_src\cpg.cpp(600): warning C4244: 'initializing': conversion from 'double' to 'float', possible loss of data
c:\users\dan\documents\max 7\packages\cpg\source\matsuokaengine_src\cpg.cpp(607): warning C4244: 'argument': conversion from 'double' to 'unsigned int', possible loss of data
c:\users\dan\documents\max 7\packages\cpg\source\matsuokaengine_src\cpg.cpp(611): warning C4244: 'argument': conversion from 'double' to 'unsigned int', possible loss of data
c:\users\dan\documents\max 7\packages\cpg\source\matsuokaengine_src\cpg.cpp(625): warning C4244: 'argument': conversion from 'double' to 'unsigned int', possible loss of data
c:\users\dan\documents\max 7\packages\cpg\source\matsuokaengine_src\cpg.cpp(643): warning C4244: 'argument': conversion from 'double' to 'unsigned int', possible loss of data
c:\users\dan\documents\max 7\packages\cpg\source\matsuokaengine_src\cpg.cpp(647): warning C4244: 'argument': conversion from 'double' to 'unsigned int', possible loss of data
c:\users\dan\documents\max 7\packages\cpg\source\matsuokaengine_src\cpg.cpp(650): warning C4244: 'initializing': conversion from 'double' to 'unsigned int', possible loss of data
c:\users\dan\documents\max 7\packages\cpg\source\matsuokaengine_src\cpg.cpp(662): warning C4244: 'argument': conversion from 'double' to 'unsigned int', possible loss of data
c:\users\dan\documents\max 7\packages\cpg\source\matsuokaengine_src\cpg.cpp(677): warning C4244: 'argument': conversion from 'double' to 'unsigned int', possible loss of data
c:\users\dan\documents\max 7\packages\cpg\source\matsuokaengine_src\cpg.cpp(677): warning C4244: 'initializing': conversion from 'double' to 'float', possible loss of data
c:\users\dan\documents\max 7\packages\cpg\source\matsuokaengine_src\cpg.cpp(679): warning C4244: 'initializing': conversion from 'double' to 'float', possible loss of data
c:\users\dan\documents\max 7\packages\cpg\source\matsuokaengine_src\cpg.cpp(686): warning C4244: 'argument': conversion from 'double' to 'unsigned int', possible loss of data
c:\users\dan\documents\max 7\packages\cpg\source\matsuokaengine_src\cpg.cpp(686): warning C4244: 'initializing': conversion from 'double' to 'float', possible loss of data
c:\users\dan\documents\max 7\packages\cpg\source\matsuokaengine_src\cpg.cpp(688): warning C4244: 'initializing': conversion from 'double' to 'float', possible loss of data
  core.cpp
  Generating Code...
  matsu_signal_calcs.c
  MatsuokaEngine_src.vcxproj -> C:\Users\dan\Documents\Max 7\Packages\cpg\build\x64\Debug\MatsuokaEngine_src.lib
