c:\users\dan\documents\max 7\packages\cpg\source\matsuokaengine_src\x64\debug\matsuokaengine_src.pdb
c:\users\dan\documents\max 7\packages\cpg\source\matsuokaengine_src\x64\debug\matsuokaengine_src.idb
c:\users\dan\documents\max 7\packages\cpg\source\matsuokaengine_src\x64\debug\core.obj
c:\users\dan\documents\max 7\packages\cpg\source\matsuokaengine_src\x64\debug\cpg.obj
c:\users\dan\documents\max 7\packages\cpg\source\matsuokaengine_src\x64\debug\matsunode.obj
c:\users\dan\documents\max 7\packages\cpg\source\matsuokaengine_src\x64\debug\matsuokaengine.obj
c:\users\dan\documents\max 7\packages\cpg\source\matsuokaengine_src\x64\debug\quantisedeventqueue.obj
c:\users\dan\documents\max 7\packages\cpg\source\matsuokaengine_src\x64\debug\quantisegrid_hard.obj
c:\users\dan\documents\max 7\packages\cpg\source\matsuokaengine_src\x64\debug\quantisegrid_soft.obj
c:\users\dan\documents\max 7\packages\cpg\source\matsuokaengine_src\x64\debug\scalingcurve.obj
c:\users\dan\documents\max 7\packages\cpg\source\matsuokaengine_src\x64\debug\xorrand.obj
c:\users\dan\documents\max 7\packages\cpg\source\matsuokaengine_src\x64\debug\matsu_signal_calcs.obj
c:\users\dan\documents\max 7\packages\cpg\build\x64\debug\matsuokaengine_src.lib
c:\users\dan\documents\max 7\packages\cpg\build\x64\debug\matsuokaengine_src.pdb
c:\users\dan\documents\max 7\packages\cpg\source\matsuokaengine_src\x64\debug\matsuoka.da160a1a.tlog\cl.command.1.tlog
c:\users\dan\documents\max 7\packages\cpg\source\matsuokaengine_src\x64\debug\matsuoka.da160a1a.tlog\cl.read.1.tlog
c:\users\dan\documents\max 7\packages\cpg\source\matsuokaengine_src\x64\debug\matsuoka.da160a1a.tlog\cl.write.1.tlog
c:\users\dan\documents\max 7\packages\cpg\source\matsuokaengine_src\x64\debug\matsuoka.da160a1a.tlog\lib-link.read.1.tlog
c:\users\dan\documents\max 7\packages\cpg\source\matsuokaengine_src\x64\debug\matsuoka.da160a1a.tlog\lib-link.write.1.tlog
c:\users\dan\documents\max 7\packages\cpg\source\matsuokaengine_src\x64\debug\matsuoka.da160a1a.tlog\lib.command.1.tlog
